<?xml version="1.0" encoding="UTF-8"?>
<!-- Generated by org.testng.reporters.JUnitXMLReporter -->
<testsuite hostname="WMS-PC" ignored="0" name="Registration" tests="1" failures="0" timestamp="06 Jun 2017 09:12:14 GMT" time="0.038" errors="0">
  <testcase name="@BeforeTest setup" time="0.0" classname="com.test.Automation.sel.Digin.Registration">
    <failure type="java.lang.NullPointerException">
      <![CDATA[java.lang.NullPointerException
	at com.test.Automation.sel.Digin.testBase.TestBase.getUrl(TestBase.java:41)
	at com.test.Automation.sel.Digin.testBase.TestBase.init(TestBase.java:20)
	at com.test.Automation.sel.Digin.Registration.setup(Registration.java:17)
... Removed 23 stack frames]]>
    </failure>
  </testcase> <!-- @BeforeTest setup -->
  <testcase name="@AfterTest end" time="0.0" classname="com.test.Automation.sel.Digin.Registration">
    <skipped/>
  </testcase> <!-- @AfterTest end -->
  <testcase name="registration" time="0.001" classname="com.test.Automation.sel.Digin.Registration">
    <skipped/>
  </testcase> <!-- registration -->
</testsuite> <!-- Registration -->
